[0m10:03:43.753998 [debug] [MainThread]: Sending event: {'category': 'dbt', 'action': 'invocation', 'label': 'start', 'context': [<snowplow_tracker.self_describing_json.SelfDescribingJson object at 0x0000028911D36270>, <snowplow_tracker.self_describing_json.SelfDescribingJson object at 0x000002890FD22490>, <snowplow_tracker.self_describing_json.SelfDescribingJson object at 0x00000289129E9A90>]}


============================== 10:03:43.761985 | 87c53dfa-adf7-4d27-b3d3-42fe69f88d27 ==============================
[0m10:03:43.761985 [info ] [MainThread]: Running with dbt=1.9.4
[0m10:03:43.762871 [debug] [MainThread]: running dbt with arguments {'printer_width': '80', 'indirect_selection': 'eager', 'write_json': 'True', 'log_cache_events': 'False', 'partial_parse': 'True', 'cache_selected_only': 'False', 'profiles_dir': '../', 'debug': 'False', 'warn_error': 'None', 'log_path': 'logs', 'fail_fast': 'False', 'version_check': 'True', 'use_colors': 'True', 'use_experimental_parser': 'False', 'empty': 'None', 'quiet': 'False', 'no_print': 'None', 'log_format': 'default', 'static_parser': 'True', 'warn_error_options': 'WarnErrorOptions(include=[], exclude=[])', 'introspect': 'True', 'target_path': 'None', 'invocation_command': 'dbt init', 'send_anonymous_usage_stats': 'True'}
[0m10:04:31.903019 [debug] [MainThread]: Starter project path: C:\Users\S7U05475\OneDrive - Subsea7\Documents\GitHub\DW\.venv\Lib\site-packages\dbt\include\starter_project
[0m10:04:31.962520 [info ] [MainThread]: 
Your new dbt project "datawarehouse" was created!

For more information on how to configure the profiles.yml file,
please consult the dbt documentation here:

  https://docs.getdbt.com/docs/configure-your-profile

One more thing:

Need help? Don't hesitate to reach out to us via GitHub issues or on Slack:

  https://community.getdbt.com/

Happy modeling!

[0m10:04:31.963394 [info ] [MainThread]: Setting up your profile.
[0m10:06:46.126313 [info ] [MainThread]: Profile datawarehouse written to ..\profiles.yml using target's profile_template.yml and your supplied values. Run 'dbt debug' to validate the connection.
[0m10:06:46.128982 [debug] [MainThread]: Command `dbt init` succeeded at 10:06:46.128615 after 182.60 seconds
[0m10:06:46.129671 [debug] [MainThread]: Sending event: {'category': 'dbt', 'action': 'invocation', 'label': 'end', 'context': [<snowplow_tracker.self_describing_json.SelfDescribingJson object at 0x0000028912F1BBB0>, <snowplow_tracker.self_describing_json.SelfDescribingJson object at 0x0000028912F23AD0>, <snowplow_tracker.self_describing_json.SelfDescribingJson object at 0x0000028912F10AF0>]}
[0m10:06:46.130325 [debug] [MainThread]: Flushing usage events
[0m10:06:47.043671 [debug] [MainThread]: An error was encountered while trying to flush usage events
